This file contains any messages produced by compilers while
running configure, to aid debugging if configure makes a mistake.

It was created by DCDB configure 1.2-18, which was
generated by GNU Autoconf 2.61.  Invocation command line was

  $ ./configure 

## --------- ##
## Platform. ##
## --------- ##

hostname = dfmay04
uname -m = i686
uname -r = 2.6.17-2-686
uname -s = Linux
uname -v = #1 SMP Wed Sep 13 16:34:10 UTC 2006

/usr/bin/uname -p = unknown
/bin/uname -X     = unknown

/bin/arch              = i686
/usr/bin/arch -k       = unknown
/usr/convex/getsysinfo = unknown
/usr/bin/hostinfo      = unknown
/bin/machine           = unknown
/usr/bin/oslevel       = unknown
/bin/universe          = unknown

PATH: ~/bin
PATH: /usr/bin
PATH: /usr/sbin
PATH: /usr/local/bin
PATH: /usr/local/sbin
PATH: /sbin
PATH: /usr/sbin
PATH: ~/bin
PATH: /usr/bin
PATH: /usr/sbin
PATH: /usr/local/bin
PATH: /usr/local/sbin
PATH: /sbin
PATH: /usr/sbin
PATH: /usr/local/bin
PATH: /usr/bin
PATH: /bin
PATH: /usr/bin/X11
PATH: /usr/games
PATH: /opt/cint5.16/bin
PATH: /vapp/bin
PATH: /home/dfmay/bin
PATH: /opt/cint5.16/bin
PATH: /vapp/bin


## ----------- ##
## Core tests. ##
## ----------- ##

configure:2028: checking for a BSD-compatible install
configure:2084: result: /usr/bin/install -c
configure:2095: checking whether build environment is sane
configure:2138: result: yes
configure:2203: checking for gawk
configure:2233: result: no
configure:2203: checking for mawk
configure:2219: found /usr/bin/mawk
configure:2230: result: mawk
configure:2241: checking whether make sets $(MAKE)
configure:2262: result: yes
configure:2446: checking whether to enable maintainer-specific portions of Makefiles
configure:2455: result: no
configure:2497: checking for gcc
configure:2513: found /usr/bin/gcc
configure:2524: result: gcc
configure:2646: checking for gcc
configure:2662: found /usr/bin/gcc
configure:2673: result: gcc
configure:2911: checking for C compiler version
configure:2918: gcc --version >&5
gcc (GCC) 4.1.2 20061115 (prerelease) (Debian 4.1.1-21)
Copyright (C) 2006 Free Software Foundation, Inc.
This is free software; see the source for copying conditions.  There is NO
warranty; not even for MERCHANTABILITY or FITNESS FOR A PARTICULAR PURPOSE.

configure:2921: $? = 0
configure:2928: gcc -v >&5
Using built-in specs.
Target: i486-linux-gnu
Configured with: ../src/configure -v --enable-languages=c,c++,fortran,objc,obj-c++,treelang --prefix=/usr --enable-shared --with-system-zlib --libexecdir=/usr/lib --without-included-gettext --enable-threads=posix --enable-nls --program-suffix=-4.1 --enable-__cxa_atexit --enable-clocale=gnu --enable-libstdcxx-debug --enable-mpfr --with-tune=i686 --enable-checking=release i486-linux-gnu
Thread model: posix
gcc version 4.1.2 20061115 (prerelease) (Debian 4.1.1-21)
configure:2931: $? = 0
configure:2938: gcc -V >&5
gcc: '-V' option must have argument
configure:2941: $? = 1
configure:2964: checking for C compiler default output file name
configure:2991: gcc -O2 -s -march=pentium4 -mtune=pentium4 -finline-functions -fomit-frame-pointer -fno-strength-reduce -pipe -Wall -W   conftest.c  >&5
configure:2994: $? = 0
configure:3032: result: a.out
configure:3049: checking whether the C compiler works
configure:3059: ./a.out
configure:3062: $? = 0
configure:3079: result: yes
configure:3086: checking whether we are cross compiling
configure:3088: result: no
configure:3091: checking for suffix of executables
configure:3098: gcc -o conftest -O2 -s -march=pentium4 -mtune=pentium4 -finline-functions -fomit-frame-pointer -fno-strength-reduce -pipe -Wall -W   conftest.c  >&5
configure:3101: $? = 0
configure:3125: result: 
configure:3131: checking for suffix of object files
configure:3157: gcc -c -O2 -s -march=pentium4 -mtune=pentium4 -finline-functions -fomit-frame-pointer -fno-strength-reduce -pipe -Wall -W  conftest.c >&5
configure:3160: $? = 0
configure:3183: result: o
configure:3187: checking whether we are using the GNU C compiler
configure:3216: gcc -c -O2 -s -march=pentium4 -mtune=pentium4 -finline-functions -fomit-frame-pointer -fno-strength-reduce -pipe -Wall -W  conftest.c >&5
configure:3222: $? = 0
configure:3239: result: yes
configure:3244: checking whether gcc accepts -g
configure:3274: gcc -c -g  conftest.c >&5
configure:3280: $? = 0
configure:3379: result: yes
configure:3396: checking for gcc option to accept ISO C89
configure:3470: gcc  -c -O2 -s -march=pentium4 -mtune=pentium4 -finline-functions -fomit-frame-pointer -fno-strength-reduce -pipe -Wall -W  conftest.c >&5
configure:3476: $? = 0
configure:3499: result: none needed
configure:3528: checking for style of include used by make
configure:3556: result: GNU
configure:3584: checking dependency style of gcc
configure:3674: result: gcc3
configure:3691: checking whether ln -s works
configure:3695: result: yes
configure:3715: checking for a BSD-compatible install
configure:3771: result: /usr/bin/install -c
configure:3782: checking whether make sets $(MAKE)
configure:3803: result: yes
configure:3892: checking build system type
configure:3910: result: i686-pc-linux-gnu
configure:3932: checking host system type
configure:3947: result: i686-pc-linux-gnu
configure:3969: checking for a sed that does not truncate output
configure:4023: result: /bin/sed
configure:4026: checking for grep that handles long lines and -e
configure:4100: result: /bin/grep
configure:4105: checking for egrep
configure:4183: result: /bin/grep -E
configure:4199: checking for ld used by gcc
configure:4266: result: /usr/bin/ld
configure:4275: checking if the linker (/usr/bin/ld) is GNU ld
configure:4290: result: yes
configure:4295: checking for /usr/bin/ld option to reload object files
configure:4302: result: -r
configure:4320: checking for BSD-compatible nm
configure:4362: result: /usr/bin/nm -B
configure:4366: checking how to recognise dependent libraries
configure:4547: result: pass_all
configure:4758: checking how to run the C preprocessor
configure:4798: gcc -E  conftest.c
configure:4804: $? = 0
configure:4835: gcc -E  conftest.c
conftest.c:10:28: error: ac_nonexistent.h: No such file or directory
configure:4841: $? = 1
configure: failed program was:
| /* confdefs.h.  */
| #define PACKAGE_NAME "DCDB"
| #define PACKAGE_TARNAME "dcdb"
| #define PACKAGE_VERSION "1.2-18"
| #define PACKAGE_STRING "DCDB 1.2-18"
| #define PACKAGE_BUGREPORT "dmay@cnm.edu"
| #define PACKAGE "dcdb"
| #define VERSION "1.2-18"
| /* end confdefs.h.  */
| #include <ac_nonexistent.h>
configure:4874: result: gcc -E
configure:4903: gcc -E  conftest.c
configure:4909: $? = 0
configure:4940: gcc -E  conftest.c
conftest.c:10:28: error: ac_nonexistent.h: No such file or directory
configure:4946: $? = 1
configure: failed program was:
| /* confdefs.h.  */
| #define PACKAGE_NAME "DCDB"
| #define PACKAGE_TARNAME "dcdb"
| #define PACKAGE_VERSION "1.2-18"
| #define PACKAGE_STRING "DCDB 1.2-18"
| #define PACKAGE_BUGREPORT "dmay@cnm.edu"
| #define PACKAGE "dcdb"
| #define VERSION "1.2-18"
| /* end confdefs.h.  */
| #include <ac_nonexistent.h>
configure:4984: checking for ANSI C header files
configure:5014: gcc -c -O2 -s -march=pentium4 -mtune=pentium4 -finline-functions -fomit-frame-pointer -fno-strength-reduce -pipe -Wall -W  conftest.c >&5
configure:5020: $? = 0
configure:5119: gcc -o conftest -O2 -s -march=pentium4 -mtune=pentium4 -finline-functions -fomit-frame-pointer -fno-strength-reduce -pipe -Wall -W   conftest.c  >&5
configure:5122: $? = 0
configure:5128: ./conftest
configure:5131: $? = 0
configure:5148: result: yes
configure:5172: checking for sys/types.h
configure:5193: gcc -c -O2 -s -march=pentium4 -mtune=pentium4 -finline-functions -fomit-frame-pointer -fno-strength-reduce -pipe -Wall -W  conftest.c >&5
configure:5199: $? = 0
configure:5215: result: yes
configure:5172: checking for sys/stat.h
configure:5193: gcc -c -O2 -s -march=pentium4 -mtune=pentium4 -finline-functions -fomit-frame-pointer -fno-strength-reduce -pipe -Wall -W  conftest.c >&5
configure:5199: $? = 0
configure:5215: result: yes
configure:5172: checking for stdlib.h
configure:5193: gcc -c -O2 -s -march=pentium4 -mtune=pentium4 -finline-functions -fomit-frame-pointer -fno-strength-reduce -pipe -Wall -W  conftest.c >&5
configure:5199: $? = 0
configure:5215: result: yes
configure:5172: checking for string.h
configure:5193: gcc -c -O2 -s -march=pentium4 -mtune=pentium4 -finline-functions -fomit-frame-pointer -fno-strength-reduce -pipe -Wall -W  conftest.c >&5
configure:5199: $? = 0
configure:5215: result: yes
configure:5172: checking for memory.h
configure:5193: gcc -c -O2 -s -march=pentium4 -mtune=pentium4 -finline-functions -fomit-frame-pointer -fno-strength-reduce -pipe -Wall -W  conftest.c >&5
configure:5199: $? = 0
configure:5215: result: yes
configure:5172: checking for strings.h
configure:5193: gcc -c -O2 -s -march=pentium4 -mtune=pentium4 -finline-functions -fomit-frame-pointer -fno-strength-reduce -pipe -Wall -W  conftest.c >&5
configure:5199: $? = 0
configure:5215: result: yes
configure:5172: checking for inttypes.h
configure:5193: gcc -c -O2 -s -march=pentium4 -mtune=pentium4 -finline-functions -fomit-frame-pointer -fno-strength-reduce -pipe -Wall -W  conftest.c >&5
configure:5199: $? = 0
configure:5215: result: yes
configure:5172: checking for stdint.h
configure:5193: gcc -c -O2 -s -march=pentium4 -mtune=pentium4 -finline-functions -fomit-frame-pointer -fno-strength-reduce -pipe -Wall -W  conftest.c >&5
configure:5199: $? = 0
configure:5215: result: yes
configure:5172: checking for unistd.h
configure:5193: gcc -c -O2 -s -march=pentium4 -mtune=pentium4 -finline-functions -fomit-frame-pointer -fno-strength-reduce -pipe -Wall -W  conftest.c >&5
configure:5199: $? = 0
configure:5215: result: yes
configure:5242: checking dlfcn.h usability
configure:5259: gcc -c -O2 -s -march=pentium4 -mtune=pentium4 -finline-functions -fomit-frame-pointer -fno-strength-reduce -pipe -Wall -W  conftest.c >&5
configure:5265: $? = 0
configure:5279: result: yes
configure:5283: checking dlfcn.h presence
configure:5298: gcc -E  conftest.c
configure:5304: $? = 0
configure:5318: result: yes
configure:5351: checking for dlfcn.h
configure:5359: result: yes
configure:5430: checking for g++
configure:5446: found /usr/bin/g++
configure:5457: result: g++
configure:5488: checking for C++ compiler version
configure:5495: g++ --version >&5
g++ (GCC) 4.1.2 20061115 (prerelease) (Debian 4.1.1-21)
Copyright (C) 2006 Free Software Foundation, Inc.
This is free software; see the source for copying conditions.  There is NO
warranty; not even for MERCHANTABILITY or FITNESS FOR A PARTICULAR PURPOSE.

configure:5498: $? = 0
configure:5505: g++ -v >&5
Using built-in specs.
Target: i486-linux-gnu
Configured with: ../src/configure -v --enable-languages=c,c++,fortran,objc,obj-c++,treelang --prefix=/usr --enable-shared --with-system-zlib --libexecdir=/usr/lib --without-included-gettext --enable-threads=posix --enable-nls --program-suffix=-4.1 --enable-__cxa_atexit --enable-clocale=gnu --enable-libstdcxx-debug --enable-mpfr --with-tune=i686 --enable-checking=release i486-linux-gnu
Thread model: posix
gcc version 4.1.2 20061115 (prerelease) (Debian 4.1.1-21)
configure:5508: $? = 0
configure:5515: g++ -V >&5
g++: '-V' option must have argument
configure:5518: $? = 1
configure:5521: checking whether we are using the GNU C++ compiler
configure:5550: g++ -c   conftest.cpp >&5
configure:5556: $? = 0
configure:5573: result: yes
configure:5578: checking whether g++ accepts -g
configure:5608: g++ -c -g  conftest.cpp >&5
configure:5614: $? = 0
configure:5713: result: yes
configure:5738: checking dependency style of g++
configure:5828: result: gcc3
configure:5850: checking how to run the C++ preprocessor
configure:5886: g++ -E  conftest.cpp
configure:5892: $? = 0
configure:5923: g++ -E  conftest.cpp
conftest.cpp:21:28: error: ac_nonexistent.h: No such file or directory
configure:5929: $? = 1
configure: failed program was:
| /* confdefs.h.  */
| #define PACKAGE_NAME "DCDB"
| #define PACKAGE_TARNAME "dcdb"
| #define PACKAGE_VERSION "1.2-18"
| #define PACKAGE_STRING "DCDB 1.2-18"
| #define PACKAGE_BUGREPORT "dmay@cnm.edu"
| #define PACKAGE "dcdb"
| #define VERSION "1.2-18"
| #define STDC_HEADERS 1
| #define HAVE_SYS_TYPES_H 1
| #define HAVE_SYS_STAT_H 1
| #define HAVE_STDLIB_H 1
| #define HAVE_STRING_H 1
| #define HAVE_MEMORY_H 1
| #define HAVE_STRINGS_H 1
| #define HAVE_INTTYPES_H 1
| #define HAVE_STDINT_H 1
| #define HAVE_UNISTD_H 1
| #define HAVE_DLFCN_H 1
| /* end confdefs.h.  */
| #include <ac_nonexistent.h>
configure:5962: result: g++ -E
configure:5991: g++ -E  conftest.cpp
configure:5997: $? = 0
configure:6028: g++ -E  conftest.cpp
conftest.cpp:21:28: error: ac_nonexistent.h: No such file or directory
configure:6034: $? = 1
configure: failed program was:
| /* confdefs.h.  */
| #define PACKAGE_NAME "DCDB"
| #define PACKAGE_TARNAME "dcdb"
| #define PACKAGE_VERSION "1.2-18"
| #define PACKAGE_STRING "DCDB 1.2-18"
| #define PACKAGE_BUGREPORT "dmay@cnm.edu"
| #define PACKAGE "dcdb"
| #define VERSION "1.2-18"
| #define STDC_HEADERS 1
| #define HAVE_SYS_TYPES_H 1
| #define HAVE_SYS_STAT_H 1
| #define HAVE_STDLIB_H 1
| #define HAVE_STRING_H 1
| #define HAVE_MEMORY_H 1
| #define HAVE_STRINGS_H 1
| #define HAVE_INTTYPES_H 1
| #define HAVE_STDINT_H 1
| #define HAVE_UNISTD_H 1
| #define HAVE_DLFCN_H 1
| /* end confdefs.h.  */
| #include <ac_nonexistent.h>
configure:6125: checking for g77
configure:6155: result: no
configure:6125: checking for xlf
configure:6155: result: no
configure:6125: checking for f77
configure:6155: result: no
configure:6125: checking for frt
configure:6155: result: no
configure:6125: checking for pgf77
configure:6155: result: no
configure:6125: checking for cf77
configure:6155: result: no
configure:6125: checking for fort77
configure:6155: result: no
configure:6125: checking for fl32
configure:6155: result: no
configure:6125: checking for af77
configure:6155: result: no
configure:6125: checking for xlf90
configure:6155: result: no
configure:6125: checking for f90
configure:6155: result: no
configure:6125: checking for pgf90
configure:6155: result: no
configure:6125: checking for pghpf
configure:6155: result: no
configure:6125: checking for epcf90
configure:6155: result: no
configure:6125: checking for gfortran
configure:6155: result: no
configure:6125: checking for g95
configure:6155: result: no
configure:6125: checking for xlf95
configure:6155: result: no
configure:6125: checking for f95
configure:6155: result: no
configure:6125: checking for fort
configure:6155: result: no
configure:6125: checking for ifort
configure:6155: result: no
configure:6125: checking for ifc
configure:6155: result: no
configure:6125: checking for efc
configure:6155: result: no
configure:6125: checking for pgf95
configure:6155: result: no
configure:6125: checking for lf95
configure:6155: result: no
configure:6125: checking for ftn
configure:6155: result: no
configure:6182: checking for Fortran 77 compiler version
configure:6189:  --version >&5
./configure: line 6190: --version: command not found
configure:6192: $? = 127
configure:6199:  -v >&5
./configure: line 6200: -v: command not found
configure:6202: $? = 127
configure:6209:  -V >&5
./configure: line 6210: -V: command not found
configure:6212: $? = 127
configure:6220: checking whether we are using the GNU Fortran 77 compiler
configure:6239:  -c  conftest.F >&5
./configure: line 6240: -c: command not found
configure:6245: $? = 127
configure: failed program was:
|       program main
| #ifndef __GNUC__
|        choke me
| #endif
| 
|       end
configure:6262: result: no
configure:6268: checking whether  accepts -g
configure:6285:  -c -g conftest.f >&5
./configure: line 6286: -c: command not found
configure:6291: $? = 127
configure: failed program was:
|       program main
| 
|       end
configure:6307: result: no
configure:6337: checking the maximum length of command line arguments
configure:6416: result: 32768
configure:6427: checking command to parse /usr/bin/nm -B output from gcc object
configure:6516: gcc -c -O2 -s -march=pentium4 -mtune=pentium4 -finline-functions -fomit-frame-pointer -fno-strength-reduce -pipe -Wall -W  conftest.c >&5
configure:6519: $? = 0
configure:6523: /usr/bin/nm -B conftest.o \| sed -n -e 's/^.*[ 	]\([ABCDGIRSTW][ABCDGIRSTW]*\)[ 	][ 	]*\(\)\([_A-Za-z][_A-Za-z0-9]*\)$/\1 \2\3 \3/p' \> conftest.nm
configure:6526: $? = 0
configure:6578: gcc -o conftest -O2 -s -march=pentium4 -mtune=pentium4 -finline-functions -fomit-frame-pointer -fno-strength-reduce -pipe -Wall -W   conftest.c conftstm.o >&5
configure:6581: $? = 0
configure:6619: result: ok
configure:6623: checking for objdir
configure:6638: result: .libs
configure:6730: checking for ar
configure:6746: found /usr/bin/ar
configure:6757: result: ar
configure:6826: checking for ranlib
configure:6842: found /usr/bin/ranlib
configure:6853: result: ranlib
configure:6922: checking for strip
configure:6938: found /usr/bin/strip
configure:6949: result: strip
configure:7227: checking if gcc static flag  works
configure:7250: result: yes
configure:7268: checking if gcc supports -fno-rtti -fno-exceptions
configure:7286: gcc -c -O2 -s -march=pentium4 -mtune=pentium4 -finline-functions -fomit-frame-pointer -fno-strength-reduce -pipe -Wall -W  -fno-rtti -fno-exceptions conftest.c >&5
cc1: warning: command line option "-fno-rtti" is valid for C++/ObjC++ but not for C
configure:7290: $? = 0
configure:7301: result: no
configure:7316: checking for gcc option to produce PIC
configure:7503: result: -fPIC
configure:7511: checking if gcc PIC flag -fPIC works
configure:7529: gcc -c -O2 -s -march=pentium4 -mtune=pentium4 -finline-functions -fomit-frame-pointer -fno-strength-reduce -pipe -Wall -W  -fPIC -DPIC conftest.c >&5
configure:7533: $? = 0
configure:7544: result: yes
configure:7568: checking if gcc supports -c -o file.o
configure:7589: gcc -c -O2 -s -march=pentium4 -mtune=pentium4 -finline-functions -fomit-frame-pointer -fno-strength-reduce -pipe -Wall -W  -o out/conftest2.o conftest.c >&5
configure:7593: $? = 0
configure:7613: result: yes
configure:7639: checking whether the gcc linker (/usr/bin/ld) supports shared libraries
configure:8484: result: yes
configure:8510: checking whether -lc should be explicitly linked in
configure:8515: gcc -c -O2 -s -march=pentium4 -mtune=pentium4 -finline-functions -fomit-frame-pointer -fno-strength-reduce -pipe -Wall -W  conftest.c >&5
configure:8518: $? = 0
configure:8532: gcc -shared conftest.o  -v -Wl,-soname -Wl,conftest -o conftest 2\>\&1 \| grep  -lc  \>/dev/null 2\>\&1
configure:8535: $? = 0
configure:8547: result: no
configure:8555: checking dynamic linker characteristics
configure:9095: result: GNU/Linux ld.so
configure:9099: checking how to hardcode library paths into programs
configure:9124: result: immediate
configure:9138: checking whether stripping libraries is possible
configure:9143: result: yes
configure:9266: checking for shl_load
configure:9322: gcc -o conftest -O2 -s -march=pentium4 -mtune=pentium4 -finline-functions -fomit-frame-pointer -fno-strength-reduce -pipe -Wall -W   conftest.c  >&5
/tmp/cco3JZXc.o: In function `main':
conftest.c:(.text+0xf): undefined reference to `shl_load'
collect2: ld returned 1 exit status
configure:9328: $? = 1
configure: failed program was:
| /* confdefs.h.  */
| #define PACKAGE_NAME "DCDB"
| #define PACKAGE_TARNAME "dcdb"
| #define PACKAGE_VERSION "1.2-18"
| #define PACKAGE_STRING "DCDB 1.2-18"
| #define PACKAGE_BUGREPORT "dmay@cnm.edu"
| #define PACKAGE "dcdb"
| #define VERSION "1.2-18"
| #define STDC_HEADERS 1
| #define HAVE_SYS_TYPES_H 1
| #define HAVE_SYS_STAT_H 1
| #define HAVE_STDLIB_H 1
| #define HAVE_STRING_H 1
| #define HAVE_MEMORY_H 1
| #define HAVE_STRINGS_H 1
| #define HAVE_INTTYPES_H 1
| #define HAVE_STDINT_H 1
| #define HAVE_UNISTD_H 1
| #define HAVE_DLFCN_H 1
| /* end confdefs.h.  */
| /* Define shl_load to an innocuous variant, in case <limits.h> declares shl_load.
|    For example, HP-UX 11i <limits.h> declares gettimeofday.  */
| #define shl_load innocuous_shl_load
| 
| /* System header to define __stub macros and hopefully few prototypes,
|     which can conflict with char shl_load (); below.
|     Prefer <limits.h> to <assert.h> if __STDC__ is defined, since
|     <limits.h> exists even on freestanding compilers.  */
| 
| #ifdef __STDC__
| # include <limits.h>
| #else
| # include <assert.h>
| #endif
| 
| #undef shl_load
| 
| /* Override any GCC internal prototype to avoid an error.
|    Use char because int might match the return type of a GCC
|    builtin and then its argument prototype would still apply.  */
| #ifdef __cplusplus
| extern "C"
| #endif
| char shl_load ();
| /* The GNU C library defines this for functions which it implements
|     to always fail with ENOSYS.  Some functions are actually named
|     something starting with __ and the normal name is an alias.  */
| #if defined __stub_shl_load || defined __stub___shl_load
| choke me
| #endif
| 
| int
| main ()
| {
| return shl_load ();
|   ;
|   return 0;
| }
configure:9345: result: no
configure:9350: checking for shl_load in -ldld
configure:9385: gcc -o conftest -O2 -s -march=pentium4 -mtune=pentium4 -finline-functions -fomit-frame-pointer -fno-strength-reduce -pipe -Wall -W   conftest.c -ldld   >&5
/usr/bin/ld: cannot find -ldld
collect2: ld returned 1 exit status
configure:9391: $? = 1
configure: failed program was:
| /* confdefs.h.  */
| #define PACKAGE_NAME "DCDB"
| #define PACKAGE_TARNAME "dcdb"
| #define PACKAGE_VERSION "1.2-18"
| #define PACKAGE_STRING "DCDB 1.2-18"
| #define PACKAGE_BUGREPORT "dmay@cnm.edu"
| #define PACKAGE "dcdb"
| #define VERSION "1.2-18"
| #define STDC_HEADERS 1
| #define HAVE_SYS_TYPES_H 1
| #define HAVE_SYS_STAT_H 1
| #define HAVE_STDLIB_H 1
| #define HAVE_STRING_H 1
| #define HAVE_MEMORY_H 1
| #define HAVE_STRINGS_H 1
| #define HAVE_INTTYPES_H 1
| #define HAVE_STDINT_H 1
| #define HAVE_UNISTD_H 1
| #define HAVE_DLFCN_H 1
| /* end confdefs.h.  */
| 
| /* Override any GCC internal prototype to avoid an error.
|    Use char because int might match the return type of a GCC
|    builtin and then its argument prototype would still apply.  */
| #ifdef __cplusplus
| extern "C"
| #endif
| char shl_load ();
| int
| main ()
| {
| return shl_load ();
|   ;
|   return 0;
| }
configure:9409: result: no
configure:9414: checking for dlopen
configure:9470: gcc -o conftest -O2 -s -march=pentium4 -mtune=pentium4 -finline-functions -fomit-frame-pointer -fno-strength-reduce -pipe -Wall -W   conftest.c  >&5
/tmp/ccRAEd7c.o: In function `main':
conftest.c:(.text+0xf): undefined reference to `dlopen'
collect2: ld returned 1 exit status
configure:9476: $? = 1
configure: failed program was:
| /* confdefs.h.  */
| #define PACKAGE_NAME "DCDB"
| #define PACKAGE_TARNAME "dcdb"
| #define PACKAGE_VERSION "1.2-18"
| #define PACKAGE_STRING "DCDB 1.2-18"
| #define PACKAGE_BUGREPORT "dmay@cnm.edu"
| #define PACKAGE "dcdb"
| #define VERSION "1.2-18"
| #define STDC_HEADERS 1
| #define HAVE_SYS_TYPES_H 1
| #define HAVE_SYS_STAT_H 1
| #define HAVE_STDLIB_H 1
| #define HAVE_STRING_H 1
| #define HAVE_MEMORY_H 1
| #define HAVE_STRINGS_H 1
| #define HAVE_INTTYPES_H 1
| #define HAVE_STDINT_H 1
| #define HAVE_UNISTD_H 1
| #define HAVE_DLFCN_H 1
| /* end confdefs.h.  */
| /* Define dlopen to an innocuous variant, in case <limits.h> declares dlopen.
|    For example, HP-UX 11i <limits.h> declares gettimeofday.  */
| #define dlopen innocuous_dlopen
| 
| /* System header to define __stub macros and hopefully few prototypes,
|     which can conflict with char dlopen (); below.
|     Prefer <limits.h> to <assert.h> if __STDC__ is defined, since
|     <limits.h> exists even on freestanding compilers.  */
| 
| #ifdef __STDC__
| # include <limits.h>
| #else
| # include <assert.h>
| #endif
| 
| #undef dlopen
| 
| /* Override any GCC internal prototype to avoid an error.
|    Use char because int might match the return type of a GCC
|    builtin and then its argument prototype would still apply.  */
| #ifdef __cplusplus
| extern "C"
| #endif
| char dlopen ();
| /* The GNU C library defines this for functions which it implements
|     to always fail with ENOSYS.  Some functions are actually named
|     something starting with __ and the normal name is an alias.  */
| #if defined __stub_dlopen || defined __stub___dlopen
| choke me
| #endif
| 
| int
| main ()
| {
| return dlopen ();
|   ;
|   return 0;
| }
configure:9493: result: no
configure:9498: checking for dlopen in -ldl
configure:9533: gcc -o conftest -O2 -s -march=pentium4 -mtune=pentium4 -finline-functions -fomit-frame-pointer -fno-strength-reduce -pipe -Wall -W   conftest.c -ldl   >&5
configure:9539: $? = 0
configure:9557: result: yes
configure:9726: checking whether a program can dlopen itself
configure:9798: gcc -o conftest -O2 -s -march=pentium4 -mtune=pentium4 -finline-functions -fomit-frame-pointer -fno-strength-reduce -pipe -Wall -W  -DHAVE_DLFCN_H  -Wl,--export-dynamic conftest.c -ldl  >&5
configure: In function 'fnord':
configure:9781: warning: unused variable 'i'
configure: In function 'main':
configure:9794: warning: implicit declaration of function 'exit'
configure:9794: warning: incompatible implicit declaration of built-in function 'exit'
configure:9801: $? = 0
configure:9819: result: yes
configure:9824: checking whether a statically linked program can dlopen itself
configure:9896: gcc -o conftest -O2 -s -march=pentium4 -mtune=pentium4 -finline-functions -fomit-frame-pointer -fno-strength-reduce -pipe -Wall -W  -DHAVE_DLFCN_H  -Wl,--export-dynamic  conftest.c -ldl  >&5
configure: In function 'fnord':
configure:9879: warning: unused variable 'i'
configure: In function 'main':
configure:9892: warning: implicit declaration of function 'exit'
configure:9892: warning: incompatible implicit declaration of built-in function 'exit'
configure:9899: $? = 0
configure:9917: result: yes
configure:9940: checking if libtool supports shared libraries
configure:9942: result: yes
configure:9945: checking whether to build shared libraries
configure:9966: result: yes
configure:9969: checking whether to build static libraries
configure:9973: result: yes
configure:10065: creating libtool
configure:10612: checking for ld used by g++
configure:10679: result: /usr/bin/ld
configure:10688: checking if the linker (/usr/bin/ld) is GNU ld
configure:10703: result: yes
configure:10754: checking whether the g++ linker (/usr/bin/ld) supports shared libraries
configure:11615: result: yes
configure:11633: g++ -c -g -O2  conftest.cc >&5
configure:11636: $? = 0
configure:11732: checking for g++ option to produce PIC
configure:11994: result: -fPIC
configure:12002: checking if g++ PIC flag -fPIC works
configure:12020: g++ -c -g -O2  -fPIC -DPIC conftest.cc >&5
configure:12024: $? = 0
configure:12035: result: yes
configure:12059: checking if g++ supports -c -o file.o
configure:12080: g++ -c -g -O2  -o out/conftest2.o conftest.cc >&5
configure:12084: $? = 0
configure:12104: result: yes
configure:12130: checking whether the g++ linker (/usr/bin/ld) supports shared libraries
configure:12155: result: yes
configure:12226: checking dynamic linker characteristics
configure:12766: result: GNU/Linux ld.so
configure:12770: checking how to hardcode library paths into programs
configure:12795: result: immediate
configure:12809: checking whether stripping libraries is possible
configure:12814: result: yes
configure:12937: checking for shl_load
configure:13016: result: no
configure:13021: checking for shl_load in -ldld
configure:13080: result: no
configure:13085: checking for dlopen
configure:13164: result: no
configure:13169: checking for dlopen in -ldl
configure:13228: result: yes
configure:13397: checking whether a program can dlopen itself
configure:13490: result: yes
configure:13495: checking whether a statically linked program can dlopen itself
configure:13588: result: yes
configure:20001: checking for tclsh8.4
configure:20019: found /usr/bin/tclsh8.4
configure:20031: result: /usr/bin/tclsh8.4
configure:20085: checking TCL version
configure:20093: result: yes
configure:20199: checking for perl
configure:20217: found /usr/bin/perl
configure:20229: result: /usr/bin/perl
configure:20238: checking for a useable perl
configure:20243: result: yes
configure:20252: WARNING:
***
*** You seem to have a threading perl.  It has been determined that swig
*** may not work with a threading perl (conflicts with variables in CORE.h).
*** The perl module may not compile.
***
configure:20260: checking perl version
configure:20268: result: yes
configure:20304: checking for python2.5
configure:20322: found /usr/bin/python2.5
configure:20334: result: /usr/bin/python2.5
configure:20345: checking Python version
configure:20376: result: yes
configure:20494: checking for swig
configure:20512: found /usr/bin/swig
configure:20524: result: /usr/bin/swig
configure:20537: checking swig version
configure:20548: result: 1.3.31
configure:20555: checking requested swig version (1.3)
configure:20564: result: yes
configure:20578: checking for ANSI C header files
configure:20742: result: yes
configure:20773: checking fcntl.h usability
configure:20790: gcc -c -O2 -s -march=pentium4 -mtune=pentium4 -finline-functions -fomit-frame-pointer -fno-strength-reduce -pipe -Wall -W  conftest.c >&5
configure:20796: $? = 0
configure:20810: result: yes
configure:20814: checking fcntl.h presence
configure:20829: gcc -E  conftest.c
configure:20835: $? = 0
configure:20849: result: yes
configure:20882: checking for fcntl.h
configure:20890: result: yes
configure:20773: checking malloc.h usability
configure:20790: gcc -c -O2 -s -march=pentium4 -mtune=pentium4 -finline-functions -fomit-frame-pointer -fno-strength-reduce -pipe -Wall -W  conftest.c >&5
configure:20796: $? = 0
configure:20810: result: yes
configure:20814: checking malloc.h presence
configure:20829: gcc -E  conftest.c
configure:20835: $? = 0
configure:20849: result: yes
configure:20882: checking for malloc.h
configure:20890: result: yes
configure:20773: checking libintl.h usability
configure:20790: gcc -c -O2 -s -march=pentium4 -mtune=pentium4 -finline-functions -fomit-frame-pointer -fno-strength-reduce -pipe -Wall -W  conftest.c >&5
configure:20796: $? = 0
configure:20810: result: yes
configure:20814: checking libintl.h presence
configure:20829: gcc -E  conftest.c
configure:20835: $? = 0
configure:20849: result: yes
configure:20882: checking for libintl.h
configure:20890: result: yes
configure:20773: checking locale.h usability
configure:20790: gcc -c -O2 -s -march=pentium4 -mtune=pentium4 -finline-functions -fomit-frame-pointer -fno-strength-reduce -pipe -Wall -W  conftest.c >&5
configure:20796: $? = 0
configure:20810: result: yes
configure:20814: checking locale.h presence
configure:20829: gcc -E  conftest.c
configure:20835: $? = 0
configure:20849: result: yes
configure:20882: checking for locale.h
configure:20890: result: yes
configure:20773: checking stddef.h usability
configure:20790: gcc -c -O2 -s -march=pentium4 -mtune=pentium4 -finline-functions -fomit-frame-pointer -fno-strength-reduce -pipe -Wall -W  conftest.c >&5
configure:20796: $? = 0
configure:20810: result: yes
configure:20814: checking stddef.h presence
configure:20829: gcc -E  conftest.c
configure:20835: $? = 0
configure:20849: result: yes
configure:20882: checking for stddef.h
configure:20890: result: yes
configure:20773: checking wchar.h usability
configure:20790: gcc -c -O2 -s -march=pentium4 -mtune=pentium4 -finline-functions -fomit-frame-pointer -fno-strength-reduce -pipe -Wall -W  conftest.c >&5
configure:20796: $? = 0
configure:20810: result: yes
configure:20814: checking wchar.h presence
configure:20829: gcc -E  conftest.c
configure:20835: $? = 0
configure:20849: result: yes
configure:20882: checking for wchar.h
configure:20890: result: yes
configure:20773: checking io.h usability
configure:20790: gcc -c -O2 -s -march=pentium4 -mtune=pentium4 -finline-functions -fomit-frame-pointer -fno-strength-reduce -pipe -Wall -W  conftest.c >&5
conftest.c:61:16: error: io.h: No such file or directory
configure:20796: $? = 1
configure: failed program was:
| /* confdefs.h.  */
| #define PACKAGE_NAME "DCDB"
| #define PACKAGE_TARNAME "dcdb"
| #define PACKAGE_VERSION "1.2-18"
| #define PACKAGE_STRING "DCDB 1.2-18"
| #define PACKAGE_BUGREPORT "dmay@cnm.edu"
| #define PACKAGE "dcdb"
| #define VERSION "1.2-18"
| #define STDC_HEADERS 1
| #define HAVE_SYS_TYPES_H 1
| #define HAVE_SYS_STAT_H 1
| #define HAVE_STDLIB_H 1
| #define HAVE_STRING_H 1
| #define HAVE_MEMORY_H 1
| #define HAVE_STRINGS_H 1
| #define HAVE_INTTYPES_H 1
| #define HAVE_STDINT_H 1
| #define HAVE_UNISTD_H 1
| #define HAVE_DLFCN_H 1
| #define STDC_HEADERS 1
| #define HAVE_FCNTL_H 1
| #define HAVE_MALLOC_H 1
| #define HAVE_LIBINTL_H 1
| #define HAVE_LOCALE_H 1
| #define HAVE_STDDEF_H 1
| #define HAVE_WCHAR_H 1
| /* end confdefs.h.  */
| #include <stdio.h>
| #ifdef HAVE_SYS_TYPES_H
| # include <sys/types.h>
| #endif
| #ifdef HAVE_SYS_STAT_H
| # include <sys/stat.h>
| #endif
| #ifdef STDC_HEADERS
| # include <stdlib.h>
| # include <stddef.h>
| #else
| # ifdef HAVE_STDLIB_H
| #  include <stdlib.h>
| # endif
| #endif
| #ifdef HAVE_STRING_H
| # if !defined STDC_HEADERS && defined HAVE_MEMORY_H
| #  include <memory.h>
| # endif
| # include <string.h>
| #endif
| #ifdef HAVE_STRINGS_H
| # include <strings.h>
| #endif
| #ifdef HAVE_INTTYPES_H
| # include <inttypes.h>
| #endif
| #ifdef HAVE_STDINT_H
| # include <stdint.h>
| #endif
| #ifdef HAVE_UNISTD_H
| # include <unistd.h>
| #endif
| #include <io.h>
configure:20810: result: no
configure:20814: checking io.h presence
configure:20829: gcc -E  conftest.c
conftest.c:28:16: error: io.h: No such file or directory
configure:20835: $? = 1
configure: failed program was:
| /* confdefs.h.  */
| #define PACKAGE_NAME "DCDB"
| #define PACKAGE_TARNAME "dcdb"
| #define PACKAGE_VERSION "1.2-18"
| #define PACKAGE_STRING "DCDB 1.2-18"
| #define PACKAGE_BUGREPORT "dmay@cnm.edu"
| #define PACKAGE "dcdb"
| #define VERSION "1.2-18"
| #define STDC_HEADERS 1
| #define HAVE_SYS_TYPES_H 1
| #define HAVE_SYS_STAT_H 1
| #define HAVE_STDLIB_H 1
| #define HAVE_STRING_H 1
| #define HAVE_MEMORY_H 1
| #define HAVE_STRINGS_H 1
| #define HAVE_INTTYPES_H 1
| #define HAVE_STDINT_H 1
| #define HAVE_UNISTD_H 1
| #define HAVE_DLFCN_H 1
| #define STDC_HEADERS 1
| #define HAVE_FCNTL_H 1
| #define HAVE_MALLOC_H 1
| #define HAVE_LIBINTL_H 1
| #define HAVE_LOCALE_H 1
| #define HAVE_STDDEF_H 1
| #define HAVE_WCHAR_H 1
| /* end confdefs.h.  */
| #include <io.h>
configure:20849: result: no
configure:20882: checking for io.h
configure:20890: result: no
configure:20921: checking time.h usability
configure:20938: gcc -c -O2 -s -march=pentium4 -mtune=pentium4 -finline-functions -fomit-frame-pointer -fno-strength-reduce -pipe -Wall -W  conftest.c >&5
configure:20944: $? = 0
configure:20958: result: yes
configure:20962: checking time.h presence
configure:20977: gcc -E  conftest.c
configure:20983: $? = 0
configure:20997: result: yes
configure:21030: checking for time.h
configure:21038: result: yes
configure:20921: checking sys/time.h usability
configure:20938: gcc -c -O2 -s -march=pentium4 -mtune=pentium4 -finline-functions -fomit-frame-pointer -fno-strength-reduce -pipe -Wall -W  conftest.c >&5
configure:20944: $? = 0
configure:20958: result: yes
configure:20962: checking sys/time.h presence
configure:20977: gcc -E  conftest.c
configure:20983: $? = 0
configure:20997: result: yes
configure:21030: checking for sys/time.h
configure:21038: result: yes
configure:20921: checking dir.h usability
configure:20938: gcc -c -O2 -s -march=pentium4 -mtune=pentium4 -finline-functions -fomit-frame-pointer -fno-strength-reduce -pipe -Wall -W  conftest.c >&5
conftest.c:63:17: error: dir.h: No such file or directory
configure:20944: $? = 1
configure: failed program was:
| /* confdefs.h.  */
| #define PACKAGE_NAME "DCDB"
| #define PACKAGE_TARNAME "dcdb"
| #define PACKAGE_VERSION "1.2-18"
| #define PACKAGE_STRING "DCDB 1.2-18"
| #define PACKAGE_BUGREPORT "dmay@cnm.edu"
| #define PACKAGE "dcdb"
| #define VERSION "1.2-18"
| #define STDC_HEADERS 1
| #define HAVE_SYS_TYPES_H 1
| #define HAVE_SYS_STAT_H 1
| #define HAVE_STDLIB_H 1
| #define HAVE_STRING_H 1
| #define HAVE_MEMORY_H 1
| #define HAVE_STRINGS_H 1
| #define HAVE_INTTYPES_H 1
| #define HAVE_STDINT_H 1
| #define HAVE_UNISTD_H 1
| #define HAVE_DLFCN_H 1
| #define STDC_HEADERS 1
| #define HAVE_FCNTL_H 1
| #define HAVE_MALLOC_H 1
| #define HAVE_LIBINTL_H 1
| #define HAVE_LOCALE_H 1
| #define HAVE_STDDEF_H 1
| #define HAVE_WCHAR_H 1
| #define HAVE_TIME_H 1
| #define HAVE_SYS_TIME_H 1
| /* end confdefs.h.  */
| #include <stdio.h>
| #ifdef HAVE_SYS_TYPES_H
| # include <sys/types.h>
| #endif
| #ifdef HAVE_SYS_STAT_H
| # include <sys/stat.h>
| #endif
| #ifdef STDC_HEADERS
| # include <stdlib.h>
| # include <stddef.h>
| #else
| # ifdef HAVE_STDLIB_H
| #  include <stdlib.h>
| # endif
| #endif
| #ifdef HAVE_STRING_H
| # if !defined STDC_HEADERS && defined HAVE_MEMORY_H
| #  include <memory.h>
| # endif
| # include <string.h>
| #endif
| #ifdef HAVE_STRINGS_H
| # include <strings.h>
| #endif
| #ifdef HAVE_INTTYPES_H
| # include <inttypes.h>
| #endif
| #ifdef HAVE_STDINT_H
| # include <stdint.h>
| #endif
| #ifdef HAVE_UNISTD_H
| # include <unistd.h>
| #endif
| #include <dir.h>
configure:20958: result: no
configure:20962: checking dir.h presence
configure:20977: gcc -E  conftest.c
conftest.c:30:17: error: dir.h: No such file or directory
configure:20983: $? = 1
configure: failed program was:
| /* confdefs.h.  */
| #define PACKAGE_NAME "DCDB"
| #define PACKAGE_TARNAME "dcdb"
| #define PACKAGE_VERSION "1.2-18"
| #define PACKAGE_STRING "DCDB 1.2-18"
| #define PACKAGE_BUGREPORT "dmay@cnm.edu"
| #define PACKAGE "dcdb"
| #define VERSION "1.2-18"
| #define STDC_HEADERS 1
| #define HAVE_SYS_TYPES_H 1
| #define HAVE_SYS_STAT_H 1
| #define HAVE_STDLIB_H 1
| #define HAVE_STRING_H 1
| #define HAVE_MEMORY_H 1
| #define HAVE_STRINGS_H 1
| #define HAVE_INTTYPES_H 1
| #define HAVE_STDINT_H 1
| #define HAVE_UNISTD_H 1
| #define HAVE_DLFCN_H 1
| #define STDC_HEADERS 1
| #define HAVE_FCNTL_H 1
| #define HAVE_MALLOC_H 1
| #define HAVE_LIBINTL_H 1
| #define HAVE_LOCALE_H 1
| #define HAVE_STDDEF_H 1
| #define HAVE_WCHAR_H 1
| #define HAVE_TIME_H 1
| #define HAVE_SYS_TIME_H 1
| /* end confdefs.h.  */
| #include <dir.h>
configure:20997: result: no
configure:21030: checking for dir.h
configure:21038: result: no
configure:20921: checking pthread.h usability
configure:20938: gcc -c -O2 -s -march=pentium4 -mtune=pentium4 -finline-functions -fomit-frame-pointer -fno-strength-reduce -pipe -Wall -W  conftest.c >&5
configure:20944: $? = 0
configure:20958: result: yes
configure:20962: checking pthread.h presence
configure:20977: gcc -E  conftest.c
configure:20983: $? = 0
configure:20997: result: yes
configure:21030: checking for pthread.h
configure:21038: result: yes
configure:21053: checking openssl libraries
configure:21057: checking for MD5_Init in -lssl
configure:21092: gcc -o conftest -O2 -s -march=pentium4 -mtune=pentium4 -finline-functions -fomit-frame-pointer -fno-strength-reduce -pipe -Wall -W   conftest.c -lssl   >&5
configure:21098: $? = 0
configure:21116: result: yes
configure:21143: checking for thread support
configure:21145: checking for pthread_mutex_init in -lpthread
configure:21180: gcc -o conftest -O2 -s -march=pentium4 -mtune=pentium4 -finline-functions -fomit-frame-pointer -fno-strength-reduce -pipe -Wall -W   conftest.c -lpthread   >&5
configure:21186: $? = 0
configure:21204: result: yes
configure:21228: checking LaTeX
configure:21232: checking for latex
configure:21248: found /usr/bin/latex
configure:21260: result: yes
configure:21282: checking for an ANSI C-conforming const
configure:21357: gcc -c -O2 -s -march=pentium4 -mtune=pentium4 -finline-functions -fomit-frame-pointer -fno-strength-reduce -pipe -Wall -W  conftest.c >&5
conftest.c: In function 'main':
conftest.c:62: warning: 't' is used uninitialized in this function
conftest.c:78: warning: 'b' is used uninitialized in this function
conftest.c:84: warning: 'cs[0]' is used uninitialized in this function
configure:21363: $? = 0
configure:21378: result: yes
configure:21388: checking for size_t
configure:21418: gcc -c -O2 -s -march=pentium4 -mtune=pentium4 -finline-functions -fomit-frame-pointer -fno-strength-reduce -pipe -Wall -W  conftest.c >&5
configure:21424: $? = 0
configure:21439: result: yes
configure:21451: checking for off_t
configure:21481: gcc -c -O2 -s -march=pentium4 -mtune=pentium4 -finline-functions -fomit-frame-pointer -fno-strength-reduce -pipe -Wall -W  conftest.c >&5
configure:21487: $? = 0
configure:21502: result: yes
configure:21514: checking whether struct tm is in sys/time.h or time.h
configure:21544: gcc -c -O2 -s -march=pentium4 -mtune=pentium4 -finline-functions -fomit-frame-pointer -fno-strength-reduce -pipe -Wall -W  conftest.c >&5
configure:21550: $? = 0
configure:21565: result: time.h
configure:21579: checking for working alloca.h
configure:21606: gcc -o conftest -O2 -s -march=pentium4 -mtune=pentium4 -finline-functions -fomit-frame-pointer -fno-strength-reduce -pipe -Wall -W   conftest.c  >&5
configure:21612: $? = 0
configure:21629: result: yes
configure:21639: checking for alloca
configure:21686: gcc -o conftest -O2 -s -march=pentium4 -mtune=pentium4 -finline-functions -fomit-frame-pointer -fno-strength-reduce -pipe -Wall -W   conftest.c  >&5
configure:21692: $? = 0
configure:21709: result: yes
configure:21941: checking for stdlib.h
configure:21947: result: yes
configure:22081: checking for GNU libc compatible malloc
configure:22115: gcc -o conftest -O2 -s -march=pentium4 -mtune=pentium4 -finline-functions -fomit-frame-pointer -fno-strength-reduce -pipe -Wall -W   conftest.c  >&5
configure:22118: $? = 0
configure:22124: ./conftest
configure:22127: $? = 0
configure:22143: result: yes
configure:22171: checking for working memcmp
configure:22224: gcc -o conftest -O2 -s -march=pentium4 -mtune=pentium4 -finline-functions -fomit-frame-pointer -fno-strength-reduce -pipe -Wall -W   conftest.c  >&5
configure:22227: $? = 0
configure:22233: ./conftest
configure:22236: $? = 0
configure:22252: result: yes
configure:22266: checking for stdlib.h
configure:22272: result: yes
configure:22406: checking for GNU libc compatible realloc
configure:22440: gcc -o conftest -O2 -s -march=pentium4 -mtune=pentium4 -finline-functions -fomit-frame-pointer -fno-strength-reduce -pipe -Wall -W   conftest.c  >&5
configure:22443: $? = 0
configure:22449: ./conftest
configure:22452: $? = 0
configure:22468: result: yes
configure:22500: checking for vprintf
configure:22556: gcc -o conftest -O2 -s -march=pentium4 -mtune=pentium4 -finline-functions -fomit-frame-pointer -fno-strength-reduce -pipe -Wall -W   conftest.c  >&5
conftest.c:62: warning: conflicting types for built-in function 'vprintf'
configure:22562: $? = 0
configure:22580: result: yes
configure:22587: checking for _doprnt
configure:22643: gcc -o conftest -O2 -s -march=pentium4 -mtune=pentium4 -finline-functions -fomit-frame-pointer -fno-strength-reduce -pipe -Wall -W   conftest.c  >&5
/tmp/ccE7Gf9k.o: In function `main':
conftest.c:(.text+0xf): undefined reference to `_doprnt'
collect2: ld returned 1 exit status
configure:22649: $? = 1
configure: failed program was:
| /* confdefs.h.  */
| #define PACKAGE_NAME "DCDB"
| #define PACKAGE_TARNAME "dcdb"
| #define PACKAGE_VERSION "1.2-18"
| #define PACKAGE_STRING "DCDB 1.2-18"
| #define PACKAGE_BUGREPORT "dmay@cnm.edu"
| #define PACKAGE "dcdb"
| #define VERSION "1.2-18"
| #define STDC_HEADERS 1
| #define HAVE_SYS_TYPES_H 1
| #define HAVE_SYS_STAT_H 1
| #define HAVE_STDLIB_H 1
| #define HAVE_STRING_H 1
| #define HAVE_MEMORY_H 1
| #define HAVE_STRINGS_H 1
| #define HAVE_INTTYPES_H 1
| #define HAVE_STDINT_H 1
| #define HAVE_UNISTD_H 1
| #define HAVE_DLFCN_H 1
| #define STDC_HEADERS 1
| #define HAVE_FCNTL_H 1
| #define HAVE_MALLOC_H 1
| #define HAVE_LIBINTL_H 1
| #define HAVE_LOCALE_H 1
| #define HAVE_STDDEF_H 1
| #define HAVE_WCHAR_H 1
| #define HAVE_TIME_H 1
| #define HAVE_SYS_TIME_H 1
| #define HAVE_PTHREAD_H 1
| #define _REENTRANT 1
| #define _THREAD_SAFE 1
| #define HAVE_ALLOCA_H 1
| #define HAVE_ALLOCA 1
| #define HAVE_STDLIB_H 1
| #define HAVE_MALLOC 1
| #define HAVE_STDLIB_H 1
| #define HAVE_REALLOC 1
| #define HAVE_VPRINTF 1
| /* end confdefs.h.  */
| /* Define _doprnt to an innocuous variant, in case <limits.h> declares _doprnt.
|    For example, HP-UX 11i <limits.h> declares gettimeofday.  */
| #define _doprnt innocuous__doprnt
| 
| /* System header to define __stub macros and hopefully few prototypes,
|     which can conflict with char _doprnt (); below.
|     Prefer <limits.h> to <assert.h> if __STDC__ is defined, since
|     <limits.h> exists even on freestanding compilers.  */
| 
| #ifdef __STDC__
| # include <limits.h>
| #else
| # include <assert.h>
| #endif
| 
| #undef _doprnt
| 
| /* Override any GCC internal prototype to avoid an error.
|    Use char because int might match the return type of a GCC
|    builtin and then its argument prototype would still apply.  */
| #ifdef __cplusplus
| extern "C"
| #endif
| char _doprnt ();
| /* The GNU C library defines this for functions which it implements
|     to always fail with ENOSYS.  Some functions are actually named
|     something starting with __ and the normal name is an alias.  */
| #if defined __stub__doprnt || defined __stub____doprnt
| choke me
| #endif
| 
| int
| main ()
| {
| return _doprnt ();
|   ;
|   return 0;
| }
configure:22666: result: no
configure:22696: checking for memmove
configure:22752: gcc -o conftest -O2 -s -march=pentium4 -mtune=pentium4 -finline-functions -fomit-frame-pointer -fno-strength-reduce -pipe -Wall -W   conftest.c  >&5
conftest.c:63: warning: conflicting types for built-in function 'memmove'
configure:22758: $? = 0
configure:22776: result: yes
configure:22696: checking for memset
configure:22752: gcc -o conftest -O2 -s -march=pentium4 -mtune=pentium4 -finline-functions -fomit-frame-pointer -fno-strength-reduce -pipe -Wall -W   conftest.c  >&5
conftest.c:64: warning: conflicting types for built-in function 'memset'
configure:22758: $? = 0
configure:22776: result: yes
configure:22696: checking for strerror
configure:22752: gcc -o conftest -O2 -s -march=pentium4 -mtune=pentium4 -finline-functions -fomit-frame-pointer -fno-strength-reduce -pipe -Wall -W   conftest.c  >&5
configure:22758: $? = 0
configure:22776: result: yes
configure:22696: checking for strchr
configure:22752: gcc -o conftest -O2 -s -march=pentium4 -mtune=pentium4 -finline-functions -fomit-frame-pointer -fno-strength-reduce -pipe -Wall -W   conftest.c  >&5
conftest.c:66: warning: conflicting types for built-in function 'strchr'
configure:22758: $? = 0
configure:22776: result: yes
configure:22696: checking for snprintf
configure:22752: gcc -o conftest -O2 -s -march=pentium4 -mtune=pentium4 -finline-functions -fomit-frame-pointer -fno-strength-reduce -pipe -Wall -W   conftest.c  >&5
conftest.c:67: warning: conflicting types for built-in function 'snprintf'
configure:22758: $? = 0
configure:22776: result: yes
configure:22696: checking for strcasecmp
configure:22752: gcc -o conftest -O2 -s -march=pentium4 -mtune=pentium4 -finline-functions -fomit-frame-pointer -fno-strength-reduce -pipe -Wall -W   conftest.c  >&5
conftest.c:68: warning: conflicting types for built-in function 'strcasecmp'
configure:22758: $? = 0
configure:22776: result: yes
configure:22696: checking for strchr
configure:22776: result: yes
configure:22696: checking for strrchr
configure:22752: gcc -o conftest -O2 -s -march=pentium4 -mtune=pentium4 -finline-functions -fomit-frame-pointer -fno-strength-reduce -pipe -Wall -W   conftest.c  >&5
conftest.c:70: warning: conflicting types for built-in function 'strrchr'
configure:22758: $? = 0
configure:22776: result: yes
configure:22696: checking for strdup
configure:22752: gcc -o conftest -O2 -s -march=pentium4 -mtune=pentium4 -finline-functions -fomit-frame-pointer -fno-strength-reduce -pipe -Wall -W   conftest.c  >&5
conftest.c:71: warning: conflicting types for built-in function 'strdup'
configure:22758: $? = 0
configure:22776: result: yes
configure:22696: checking for strstr
configure:22752: gcc -o conftest -O2 -s -march=pentium4 -mtune=pentium4 -finline-functions -fomit-frame-pointer -fno-strength-reduce -pipe -Wall -W   conftest.c  >&5
conftest.c:72: warning: conflicting types for built-in function 'strstr'
configure:22758: $? = 0
configure:22776: result: yes
configure:22696: checking for strtol
configure:22752: gcc -o conftest -O2 -s -march=pentium4 -mtune=pentium4 -finline-functions -fomit-frame-pointer -fno-strength-reduce -pipe -Wall -W   conftest.c  >&5
configure:22758: $? = 0
configure:22776: result: yes
configure:22696: checking for strlwr
configure:22752: gcc -o conftest -O2 -s -march=pentium4 -mtune=pentium4 -finline-functions -fomit-frame-pointer -fno-strength-reduce -pipe -Wall -W   conftest.c  >&5
/tmp/ccT1UDrE.o: In function `main':
conftest.c:(.text+0xf): undefined reference to `strlwr'
collect2: ld returned 1 exit status
configure:22758: $? = 1
configure: failed program was:
| /* confdefs.h.  */
| #define PACKAGE_NAME "DCDB"
| #define PACKAGE_TARNAME "dcdb"
| #define PACKAGE_VERSION "1.2-18"
| #define PACKAGE_STRING "DCDB 1.2-18"
| #define PACKAGE_BUGREPORT "dmay@cnm.edu"
| #define PACKAGE "dcdb"
| #define VERSION "1.2-18"
| #define STDC_HEADERS 1
| #define HAVE_SYS_TYPES_H 1
| #define HAVE_SYS_STAT_H 1
| #define HAVE_STDLIB_H 1
| #define HAVE_STRING_H 1
| #define HAVE_MEMORY_H 1
| #define HAVE_STRINGS_H 1
| #define HAVE_INTTYPES_H 1
| #define HAVE_STDINT_H 1
| #define HAVE_UNISTD_H 1
| #define HAVE_DLFCN_H 1
| #define STDC_HEADERS 1
| #define HAVE_FCNTL_H 1
| #define HAVE_MALLOC_H 1
| #define HAVE_LIBINTL_H 1
| #define HAVE_LOCALE_H 1
| #define HAVE_STDDEF_H 1
| #define HAVE_WCHAR_H 1
| #define HAVE_TIME_H 1
| #define HAVE_SYS_TIME_H 1
| #define HAVE_PTHREAD_H 1
| #define _REENTRANT 1
| #define _THREAD_SAFE 1
| #define HAVE_ALLOCA_H 1
| #define HAVE_ALLOCA 1
| #define HAVE_STDLIB_H 1
| #define HAVE_MALLOC 1
| #define HAVE_STDLIB_H 1
| #define HAVE_REALLOC 1
| #define HAVE_VPRINTF 1
| #define HAVE_MEMMOVE 1
| #define HAVE_MEMSET 1
| #define HAVE_STRERROR 1
| #define HAVE_STRCHR 1
| #define HAVE_SNPRINTF 1
| #define HAVE_STRCASECMP 1
| #define HAVE_STRCHR 1
| #define HAVE_STRRCHR 1
| #define HAVE_STRDUP 1
| #define HAVE_STRSTR 1
| #define HAVE_STRTOL 1
| /* end confdefs.h.  */
| /* Define strlwr to an innocuous variant, in case <limits.h> declares strlwr.
|    For example, HP-UX 11i <limits.h> declares gettimeofday.  */
| #define strlwr innocuous_strlwr
| 
| /* System header to define __stub macros and hopefully few prototypes,
|     which can conflict with char strlwr (); below.
|     Prefer <limits.h> to <assert.h> if __STDC__ is defined, since
|     <limits.h> exists even on freestanding compilers.  */
| 
| #ifdef __STDC__
| # include <limits.h>
| #else
| # include <assert.h>
| #endif
| 
| #undef strlwr
| 
| /* Override any GCC internal prototype to avoid an error.
|    Use char because int might match the return type of a GCC
|    builtin and then its argument prototype would still apply.  */
| #ifdef __cplusplus
| extern "C"
| #endif
| char strlwr ();
| /* The GNU C library defines this for functions which it implements
|     to always fail with ENOSYS.  Some functions are actually named
|     something starting with __ and the normal name is an alias.  */
| #if defined __stub_strlwr || defined __stub___strlwr
| choke me
| #endif
| 
| int
| main ()
| {
| return strlwr ();
|   ;
|   return 0;
| }
configure:22776: result: no
configure:22957: creating ./config.status

## ---------------------- ##
## Running config.status. ##
## ---------------------- ##

This file was extended by DCDB config.status 1.2-18, which was
generated by GNU Autoconf 2.61.  Invocation command line was

  CONFIG_FILES    = 
  CONFIG_HEADERS  = 
  CONFIG_LINKS    = 
  CONFIG_COMMANDS = 
  $ ./config.status 

on dfmay04

config.status:700: creating Makefile
config.status:700: creating bin/Makefile
config.status:700: creating lib/Makefile
config.status:700: creating doc/Makefile
config.status:700: creating tests/Makefile
config.status:700: creating include/dcdb_config.h
config.status:1005: executing tests/atconfig commands
config.status:1005: executing depfiles commands

## ---------------- ##
## Cache variables. ##
## ---------------- ##

ac_cv_build=i686-pc-linux-gnu
ac_cv_c_compiler_gnu=yes
ac_cv_c_const=yes
ac_cv_cxx_compiler_gnu=yes
ac_cv_env_CCC_set=
ac_cv_env_CCC_value=
ac_cv_env_CC_set=
ac_cv_env_CC_value=
ac_cv_env_CFLAGS_set=set
ac_cv_env_CFLAGS_value='-O2 -s -march=pentium4 -mtune=pentium4 -finline-functions -fomit-frame-pointer -fno-strength-reduce -pipe -Wall -W'
ac_cv_env_CPPFLAGS_set=
ac_cv_env_CPPFLAGS_value=
ac_cv_env_CPP_set=
ac_cv_env_CPP_value=
ac_cv_env_CXXCPP_set=
ac_cv_env_CXXCPP_value=
ac_cv_env_CXXFLAGS_set=
ac_cv_env_CXXFLAGS_value=
ac_cv_env_CXX_set=
ac_cv_env_CXX_value=
ac_cv_env_F77_set=
ac_cv_env_F77_value=
ac_cv_env_FFLAGS_set=
ac_cv_env_FFLAGS_value=
ac_cv_env_LDFLAGS_set=
ac_cv_env_LDFLAGS_value=
ac_cv_env_LIBS_set=
ac_cv_env_LIBS_value=
ac_cv_env_build_alias_set=
ac_cv_env_build_alias_value=
ac_cv_env_host_alias_set=
ac_cv_env_host_alias_value=
ac_cv_env_target_alias_set=
ac_cv_env_target_alias_value=
ac_cv_f77_compiler_gnu=no
ac_cv_func__doprnt=no
ac_cv_func_alloca_works=yes
ac_cv_func_dlopen=no
ac_cv_func_malloc_0_nonnull=yes
ac_cv_func_memcmp_working=yes
ac_cv_func_memmove=yes
ac_cv_func_memset=yes
ac_cv_func_realloc_0_nonnull=yes
ac_cv_func_shl_load=no
ac_cv_func_snprintf=yes
ac_cv_func_strcasecmp=yes
ac_cv_func_strchr=yes
ac_cv_func_strdup=yes
ac_cv_func_strerror=yes
ac_cv_func_strlwr=no
ac_cv_func_strrchr=yes
ac_cv_func_strstr=yes
ac_cv_func_strtol=yes
ac_cv_func_vprintf=yes
ac_cv_header_dir_h=no
ac_cv_header_dlfcn_h=yes
ac_cv_header_fcntl_h=yes
ac_cv_header_inttypes_h=yes
ac_cv_header_io_h=no
ac_cv_header_libintl_h=yes
ac_cv_header_locale_h=yes
ac_cv_header_malloc_h=yes
ac_cv_header_memory_h=yes
ac_cv_header_pthread_h=yes
ac_cv_header_stdc=yes
ac_cv_header_stddef_h=yes
ac_cv_header_stdint_h=yes
ac_cv_header_stdlib_h=yes
ac_cv_header_string_h=yes
ac_cv_header_strings_h=yes
ac_cv_header_sys_stat_h=yes
ac_cv_header_sys_time_h=yes
ac_cv_header_sys_types_h=yes
ac_cv_header_time_h=yes
ac_cv_header_unistd_h=yes
ac_cv_header_wchar_h=yes
ac_cv_host=i686-pc-linux-gnu
ac_cv_lib_dl_dlopen=yes
ac_cv_lib_dld_shl_load=no
ac_cv_lib_pthread_pthread_mutex_init=yes
ac_cv_lib_ssl_MD5_Init=yes
ac_cv_objext=o
ac_cv_path_EGREP='/bin/grep -E'
ac_cv_path_GREP=/bin/grep
ac_cv_path_PERL=/usr/bin/perl
ac_cv_path_PYTHON25=/usr/bin/python2.5
ac_cv_path_SWIG=/usr/bin/swig
ac_cv_path_TCLSH=/usr/bin/tclsh8.4
ac_cv_path_install='/usr/bin/install -c'
ac_cv_prog_AWK=mawk
ac_cv_prog_CPP='gcc -E'
ac_cv_prog_CXXCPP='g++ -E'
ac_cv_prog_DCDB_CC=gcc
ac_cv_prog_IS_LATEX=yes
ac_cv_prog_ac_ct_AR=ar
ac_cv_prog_ac_ct_CC=gcc
ac_cv_prog_ac_ct_CXX=g++
ac_cv_prog_ac_ct_RANLIB=ranlib
ac_cv_prog_ac_ct_STRIP=strip
ac_cv_prog_cc_c89=
ac_cv_prog_cc_g=yes
ac_cv_prog_cxx_g=yes
ac_cv_prog_f77_g=no
ac_cv_prog_make_make_set=yes
ac_cv_struct_tm=time.h
ac_cv_type_off_t=yes
ac_cv_type_size_t=yes
ac_cv_working_alloca_h=yes
am_cv_CC_dependencies_compiler_type=gcc3
am_cv_CXX_dependencies_compiler_type=gcc3
lt_cv_deplibs_check_method=pass_all
lt_cv_dlopen=dlopen
lt_cv_dlopen_libs=-ldl
lt_cv_dlopen_self=yes
lt_cv_dlopen_self_static=yes
lt_cv_file_magic_cmd='$MAGIC_CMD'
lt_cv_file_magic_test_file='/lib/libc.so.6 /lib/libc-2.3.6.so'
lt_cv_ld_reload_flag=-r
lt_cv_objdir=.libs
lt_cv_path_LD=/usr/bin/ld
lt_cv_path_LDCXX=/usr/bin/ld
lt_cv_path_NM='/usr/bin/nm -B'
lt_cv_path_SED=/bin/sed
lt_cv_prog_compiler_c_o=yes
lt_cv_prog_compiler_c_o_CXX=yes
lt_cv_prog_compiler_rtti_exceptions=no
lt_cv_prog_gnu_ld=yes
lt_cv_prog_gnu_ldcxx=yes
lt_cv_sys_global_symbol_pipe='sed -n -e '\''s/^.*[ 	]\([ABCDGIRSTW][ABCDGIRSTW]*\)[ 	][ 	]*\(\)\([_A-Za-z][_A-Za-z0-9]*\)$/\1 \2\3 \3/p'\'''
lt_cv_sys_global_symbol_to_c_name_address='sed -n -e '\''s/^: \([^ ]*\) $/  {\"\1\", (lt_ptr) 0},/p'\'' -e '\''s/^[BCDEGRST] \([^ ]*\) \([^ ]*\)$/  {"\2", (lt_ptr) \&\2},/p'\'''
lt_cv_sys_global_symbol_to_cdecl='sed -n -e '\''s/^. .* \(.*\)$/extern int \1;/p'\'''
lt_cv_sys_max_cmd_len=32768
lt_lt_cv_prog_compiler_c_o='"yes"'
lt_lt_cv_prog_compiler_c_o_CXX='"yes"'
lt_lt_cv_sys_global_symbol_pipe='"sed -n -e '\''s/^.*[ 	]\\([ABCDGIRSTW][ABCDGIRSTW]*\\)[ 	][ 	]*\\(\\)\\([_A-Za-z][_A-Za-z0-9]*\\)\$/\\1 \\2\\3 \\3/p'\''"'
lt_lt_cv_sys_global_symbol_to_c_name_address='"sed -n -e '\''s/^: \\([^ ]*\\) \$/  {\\\"\\1\\\", (lt_ptr) 0},/p'\'' -e '\''s/^[BCDEGRST] \\([^ ]*\\) \\([^ ]*\\)\$/  {\"\\2\", (lt_ptr) \\&\\2},/p'\''"'
lt_lt_cv_sys_global_symbol_to_cdecl='"sed -n -e '\''s/^. .* \\(.*\\)\$/extern int \\1;/p'\''"'

## ----------------- ##
## Output variables. ##
## ----------------- ##

ACLOCAL='${SHELL} /home/dfmay/devl/dcdb-1.2/config/missing --run aclocal-1.9'
ALLOCA=''
AMDEPBACKSLASH='\'
AMDEP_FALSE='#'
AMDEP_TRUE=''
AMTAR='${SHELL} /home/dfmay/devl/dcdb-1.2/config/missing --run tar'
AR='ar'
AUTOCONF='${SHELL} /home/dfmay/devl/dcdb-1.2/config/missing --run autoconf'
AUTOHEADER='${SHELL} /home/dfmay/devl/dcdb-1.2/config/missing --run autoheader'
AUTOMAKE='${SHELL} /home/dfmay/devl/dcdb-1.2/config/missing --run automake-1.9'
AWK='mawk'
BUILD_DCDB_PERLMOD='yes'
BUILD_DCDB_PYMOD='yes'
BUILD_DCDB_TCLMOD='yes'
CC='gcc'
CCDEPMODE='depmode=gcc3'
CFLAGS='-O2 -s -march=pentium4 -mtune=pentium4 -finline-functions -fomit-frame-pointer -fno-strength-reduce -pipe -Wall -W'
CPP='gcc -E'
CPPFLAGS=''
CXX='g++'
CXXCPP='g++ -E'
CXXDEPMODE='depmode=gcc3'
CXXFLAGS='-g -O2'
CYGPATH_W='echo'
DCDBC_CFLAGS=''
DCDBC_LIBS=''
DCDB_CC='gcc'
DCDB_CFLAGS='-O2 -s -march=pentium4 -mtune=pentium4 -finline-functions -fomit-frame-pointer -fno-strength-reduce -pipe -Wall -W -I${prefix}/include -D__linux__ -fPIC'
DCDB_LIBRARY_PATH='.:${exec_prefix}/lib/dcdb'
DCDB_LIBS='-L${exec_prefix}/lib -lm -lssl -lcrypto -lpthread'
DCDB_MODULE_EXT=''
DCDB_PERL_INC='/usr/lib/perl/5.8/CORE'
DCDB_PERL_LIBS='-lgdbm -lgdbm_compat -ldb -ldl -lm -lpthread -lc -lcrypt'
DCDB_PYTHON_INC='/usr/include/python2.5'
DCDB_PYTHON_LIB='/usr/lib'
DCDB_PYTHON_LIBS='/usr/lib/libpython2.5.so'
DCDB_TCL_INC='/usr/include/tcl8.4'
DCDB_TCL_LIB='/usr/lib'
DCDB_TCL_LIBS='/usr/lib/libtcl8.4.so'
DCDB_TCL_MAJ='8'
DCDB_TCL_MIN='4'
DEFS='-DHAVE_CONFIG_H'
DEPDIR='.deps'
ECHO='echo'
ECHO_C=''
ECHO_N='-n'
ECHO_T=''
EGREP='/bin/grep -E'
EXEEXT=''
F77=''
FFLAGS=''
GREP='/bin/grep'
INSTALL_DATA='${INSTALL} -m 644'
INSTALL_PROGRAM='${INSTALL}'
INSTALL_SCRIPT='${INSTALL}'
INSTALL_STRIP_PROGRAM='${SHELL} $(install_sh) -c -s'
IS_LATEX='yes'
LDFLAGS=''
LIBDCDB_CFLAGS=''
LIBDCDB_LIBS='-lm -lssl -lcrypto -lpthread'
LIBOBJS=''
LIBS=''
LIBTOOL='$(SHELL) $(top_builddir)/libtool'
LIBTOOL_DEPS='config/ltmain.sh'
LN_S='ln -s'
LTLIBOBJS=''
MAINT='#'
MAINTAINER_MODE_FALSE=''
MAINTAINER_MODE_TRUE='#'
MAKEINFO='${SHELL} /home/dfmay/devl/dcdb-1.2/config/missing --run makeinfo'
OBJEXT='o'
PACKAGE='dcdb'
PACKAGE_BUGREPORT='dmay@cnm.edu'
PACKAGE_NAME='DCDB'
PACKAGE_STRING='DCDB 1.2-18'
PACKAGE_TARNAME='dcdb'
PACKAGE_VERSION='1.2-18'
PATH_SEPARATOR=':'
PERL='/usr/bin/perl'
PYTHON25='/usr/bin/python2.5'
PYTHON=''
RANLIB='ranlib'
SET_MAKE=''
SHELL='/bin/sh'
STRIP='strip'
SWIG='/usr/bin/swig'
SWIGFLAGS=''
SWIGLIB='/usr/share/swig1.3'
TCLSH='/usr/bin/tclsh8.4'
VERSION='1.2-18'
ac_ct_CC='gcc'
ac_ct_CXX='g++'
ac_ct_F77=''
am__fastdepCC_FALSE='#'
am__fastdepCC_TRUE=''
am__fastdepCXX_FALSE='#'
am__fastdepCXX_TRUE=''
am__include='include'
am__leading_dot='.'
am__quote=''
am__tar='${AMTAR} chof - "$$tardir"'
am__untar='${AMTAR} xf -'
bindir='${exec_prefix}/bin'
build='i686-pc-linux-gnu'
build_alias=''
build_cpu='i686'
build_os='linux-gnu'
build_vendor='pc'
datadir='${datarootdir}'
datarootdir='${prefix}/share'
docdir='${datarootdir}/doc/${PACKAGE_TARNAME}'
dvidir='${docdir}'
exec_prefix='${prefix}'
host='i686-pc-linux-gnu'
host_alias=''
host_cpu='i686'
host_os='linux-gnu'
host_vendor='pc'
htmldir='${docdir}'
includedir='${prefix}/include'
infodir='${datarootdir}/info'
install_sh='/home/dfmay/devl/dcdb-1.2/config/install-sh'
libdir='${exec_prefix}/lib'
libexecdir='${exec_prefix}/libexec'
localedir='${datarootdir}/locale'
localstatedir='${prefix}/var'
mandir='${datarootdir}/man'
mkdir_p='mkdir -p --'
oldincludedir='/usr/include'
pdfdir='${docdir}'
prefix='/usr/local'
program_transform_name='s,x,x,'
psdir='${docdir}'
sbindir='${exec_prefix}/sbin'
sharedstatedir='${prefix}/com'
shrext_cmds='.so'
sysconfdir='${prefix}/etc'
target_alias=''

## ----------- ##
## confdefs.h. ##
## ----------- ##

#define PACKAGE_NAME "DCDB"
#define PACKAGE_TARNAME "dcdb"
#define PACKAGE_VERSION "1.2-18"
#define PACKAGE_STRING "DCDB 1.2-18"
#define PACKAGE_BUGREPORT "dmay@cnm.edu"
#define PACKAGE "dcdb"
#define VERSION "1.2-18"
#define STDC_HEADERS 1
#define HAVE_SYS_TYPES_H 1
#define HAVE_SYS_STAT_H 1
#define HAVE_STDLIB_H 1
#define HAVE_STRING_H 1
#define HAVE_MEMORY_H 1
#define HAVE_STRINGS_H 1
#define HAVE_INTTYPES_H 1
#define HAVE_STDINT_H 1
#define HAVE_UNISTD_H 1
#define HAVE_DLFCN_H 1
#define STDC_HEADERS 1
#define HAVE_FCNTL_H 1
#define HAVE_MALLOC_H 1
#define HAVE_LIBINTL_H 1
#define HAVE_LOCALE_H 1
#define HAVE_STDDEF_H 1
#define HAVE_WCHAR_H 1
#define HAVE_TIME_H 1
#define HAVE_SYS_TIME_H 1
#define HAVE_PTHREAD_H 1
#define _REENTRANT 1
#define _THREAD_SAFE 1
#define HAVE_ALLOCA_H 1
#define HAVE_ALLOCA 1
#define HAVE_STDLIB_H 1
#define HAVE_MALLOC 1
#define HAVE_STDLIB_H 1
#define HAVE_REALLOC 1
#define HAVE_VPRINTF 1
#define HAVE_MEMMOVE 1
#define HAVE_MEMSET 1
#define HAVE_STRERROR 1
#define HAVE_STRCHR 1
#define HAVE_SNPRINTF 1
#define HAVE_STRCASECMP 1
#define HAVE_STRCHR 1
#define HAVE_STRRCHR 1
#define HAVE_STRDUP 1
#define HAVE_STRSTR 1
#define HAVE_STRTOL 1

configure: exit 0
