The system is: Linux - 2.6.17-2-686 - unknown
Determining if the C compiler is GNU succeeded with the following output:
# 1 "/usr/share/CMake/Modules/CMakeTestGNU.c"
# 1 "<built-in>"
# 1 "<command line>"
# 1 "/usr/share/CMake/Modules/CMakeTestGNU.c"

void THIS_IS_GNU();

Determining if the C compiler works passed with the following output:
/usr/bin/make -f CMakeFiles/cmTryCompileExec.dir/build.make CMakeFiles/cmTryCompileExec.dir/build
make[1]: Entering directory `/home/dfmay/devl/dcdb-1.2/CMakeFiles/CMakeTmp'
/usr/bin/cmake -E cmake_progress_report /home/dfmay/devl/dcdb-1.2/CMakeFiles/CMakeTmp/CMakeFiles 1
Building C object CMakeFiles/cmTryCompileExec.dir/testCCompiler.o
/usr/bin/gcc  -O2 -s -march=pentium4 -mtune=pentium4 -finline-functions -fomit-frame-pointer -fno-strength-reduce -pipe -Wall -W      -o CMakeFiles/cmTryCompileExec.dir/testCCompiler.o   -c /home/dfmay/devl/dcdb-1.2/CMakeFiles/CMakeTmp/testCCompiler.c
Linking C executable cmTryCompileExec
/usr/bin/cmake -P CMakeFiles/cmTryCompileExec.dir/cmake_clean_target.cmake
/usr/bin/gcc   -O2 -s -march=pentium4 -mtune=pentium4 -finline-functions -fomit-frame-pointer -fno-strength-reduce -pipe -Wall -W     -fPIC "CMakeFiles/cmTryCompileExec.dir/testCCompiler.o"   -o cmTryCompileExec -rdynamic 
make[1]: Leaving directory `/home/dfmay/devl/dcdb-1.2/CMakeFiles/CMakeTmp'


Determining size of void* passed with the following output:
/usr/bin/make -f CMakeFiles/cmTryCompileExec.dir/build.make CMakeFiles/cmTryCompileExec.dir/build
make[1]: Entering directory `/home/dfmay/devl/dcdb-1.2/CMakeFiles/CMakeTmp'
/usr/bin/cmake -E cmake_progress_report /home/dfmay/devl/dcdb-1.2/CMakeFiles/CMakeTmp/CMakeFiles 1
Building C object CMakeFiles/cmTryCompileExec.dir/CheckTypeSize.o
/usr/bin/gcc  -O2 -s -march=pentium4 -mtune=pentium4 -finline-functions -fomit-frame-pointer -fno-strength-reduce -pipe -Wall -W      -o CMakeFiles/cmTryCompileExec.dir/CheckTypeSize.o   -c /home/dfmay/devl/dcdb-1.2/CMakeFiles/CMakeTmp/CheckTypeSize.c
Linking C executable cmTryCompileExec
/usr/bin/cmake -P CMakeFiles/cmTryCompileExec.dir/cmake_clean_target.cmake
/usr/bin/gcc   -O2 -s -march=pentium4 -mtune=pentium4 -finline-functions -fomit-frame-pointer -fno-strength-reduce -pipe -Wall -W     -fPIC "CMakeFiles/cmTryCompileExec.dir/CheckTypeSize.o"   -o cmTryCompileExec -rdynamic 
make[1]: Leaving directory `/home/dfmay/devl/dcdb-1.2/CMakeFiles/CMakeTmp'


